[2025-11-12 01:30:39] local.ERROR: FilesystemIterator::__construct(/Users/macbook/Desktop/daratech/new_website/storage/framework/cache/data/18/91): Failed to open directory: No such file or directory {"exception":"[object] (UnexpectedValueException(code: 0): FilesystemIterator::__construct(/Users/macbook/Desktop/daratech/new_website/storage/framework/cache/data/18/91): Failed to open directory: No such file or directory at /Users/macbook/Desktop/daratech/new_website/vendor/laravel/framework/src/Illuminate/Filesystem/Filesystem.php:687)
[stacktrace]
#0 /Users/macbook/Desktop/daratech/new_website/vendor/laravel/framework/src/Illuminate/Filesystem/Filesystem.php(687): FilesystemIterator->__construct('/Users/macbook/...')
#1 /Users/macbook/Desktop/daratech/new_website/vendor/laravel/framework/src/Illuminate/Filesystem/Filesystem.php(694): Illuminate\\Filesystem\\Filesystem->deleteDirectory('/Users/macbook/...')
#2 /Users/macbook/Desktop/daratech/new_website/vendor/laravel/framework/src/Illuminate/Cache/FileStore.php(230): Illuminate\\Filesystem\\Filesystem->deleteDirectory('/Users/macbook/...')
#3 /Users/macbook/Desktop/daratech/new_website/vendor/laravel/framework/src/Illuminate/Cache/Repository.php(674): Illuminate\\Cache\\FileStore->flush()
#4 /Users/macbook/Desktop/daratech/new_website/vendor/laravel/framework/src/Illuminate/Cache/CacheManager.php(418): Illuminate\\Cache\\Repository->__call('Flush', Array)
#5 /Users/macbook/Desktop/daratech/new_website/vendor/laravel/framework/src/Illuminate/Support/Facades/Facade.php(261): Illuminate\\Cache\\CacheManager->__call('Flush', Array)
#6 /Users/macbook/Desktop/daratech/new_website/app/Helpers/LaravelLocalization.php(156): Illuminate\\Support\\Facades\\Facade::__callStatic('Flush', Array)
#7 /Users/macbook/Desktop/daratech/new_website/app/Helpers/LocalizationHelper.php(18): App\\Helpers\\LaravelLocalization->__construct()
#8 /Users/macbook/Desktop/daratech/new_website/routes/site.php(14): getLocale()
#9 /Users/macbook/Desktop/daratech/new_website/vendor/laravel/framework/src/Illuminate/Routing/RouteFileRegistrar.php(35): require('/Users/macbook/...')
#10 /Users/macbook/Desktop/daratech/new_website/vendor/laravel/framework/src/Illuminate/Routing/Router.php(425): Illuminate\\Routing\\RouteFileRegistrar->register('/Users/macbook/...')
#11 /Users/macbook/Desktop/daratech/new_website/vendor/laravel/framework/src/Illuminate/Routing/Router.php(382): Illuminate\\Routing\\Router->loadRoutes('/Users/macbook/...')
#12 /Users/macbook/Desktop/daratech/new_website/vendor/laravel/framework/src/Illuminate/Routing/RouteRegistrar.php(163): Illuminate\\Routing\\Router->group(Array, '/Users/macbook/...')
#13 /Users/macbook/Desktop/daratech/new_website/app/Providers/RouteServiceProvider.php(65): Illuminate\\Routing\\RouteRegistrar->group('/Users/macbook/...')
#14 /Users/macbook/Desktop/daratech/new_website/app/Providers/RouteServiceProvider.php(40): App\\Providers\\RouteServiceProvider->mapSiteRoutes()
#15 /Users/macbook/Desktop/daratech/new_website/vendor/laravel/framework/src/Illuminate/Container/BoundMethod.php(36): App\\Providers\\RouteServiceProvider->map()
#16 /Users/macbook/Desktop/daratech/new_website/vendor/laravel/framework/src/Illuminate/Container/Util.php(40): Illuminate\\Container\\BoundMethod::Illuminate\\Container\\{closure}()
#17 /Users/macbook/Desktop/daratech/new_website/vendor/laravel/framework/src/Illuminate/Container/BoundMethod.php(93): Illuminate\\Container\\Util::unwrapIfClosure(Object(Closure))
#18 /Users/macbook/Desktop/daratech/new_website/vendor/laravel/framework/src/Illuminate/Container/BoundMethod.php(35): Illuminate\\Container\\BoundMethod::callBoundMethod(Object(Illuminate\\Foundation\\Application), Array, Object(Closure))
#19 /Users/macbook/Desktop/daratech/new_website/vendor/laravel/framework/src/Illuminate/Container/Container.php(653): Illuminate\\Container\\BoundMethod::call(Object(Illuminate\\Foundation\\Application), Array, Array, NULL)
#20 /Users/macbook/Desktop/daratech/new_website/vendor/laravel/framework/src/Illuminate/Foundation/Support/Providers/RouteServiceProvider.php(122): Illuminate\\Container\\Container->call(Array)
#21 /Users/macbook/Desktop/daratech/new_website/vendor/laravel/framework/src/Illuminate/Foundation/Support/Providers/RouteServiceProvider.php(45): Illuminate\\Foundation\\Support\\Providers\\RouteServiceProvider->loadRoutes()
#22 /Users/macbook/Desktop/daratech/new_website/vendor/laravel/framework/src/Illuminate/Container/BoundMethod.php(36): Illuminate\\Foundation\\Support\\Providers\\RouteServiceProvider->Illuminate\\Foundation\\Support\\Providers\\{closure}()
#23 /Users/macbook/Desktop/daratech/new_website/vendor/laravel/framework/src/Illuminate/Container/Util.php(40): Illuminate\\Container\\BoundMethod::Illuminate\\Container\\{closure}()
#24 /Users/macbook/Desktop/daratech/new_website/vendor/laravel/framework/src/Illuminate/Container/BoundMethod.php(81): Illuminate\\Container\\Util::unwrapIfClosure(Object(Closure))
#25 /Users/macbook/Desktop/daratech/new_website/vendor/laravel/framework/src/Illuminate/Container/BoundMethod.php(35): Illuminate\\Container\\BoundMethod::callBoundMethod(Object(Illuminate\\Foundation\\Application), Object(Closure), Object(Closure))
#26 /Users/macbook/Desktop/daratech/new_website/vendor/laravel/framework/src/Illuminate/Container/Container.php(653): Illuminate\\Container\\BoundMethod::call(Object(Illuminate\\Foundation\\Application), Object(Closure), Array, NULL)
#27 /Users/macbook/Desktop/daratech/new_website/vendor/laravel/framework/src/Illuminate/Support/ServiceProvider.php(119): Illuminate\\Container\\Container->call(Object(Closure))
#28 /Users/macbook/Desktop/daratech/new_website/vendor/laravel/framework/src/Illuminate/Foundation/Application.php(929): Illuminate\\Support\\ServiceProvider->callBootedCallbacks()
#29 /Users/macbook/Desktop/daratech/new_website/vendor/laravel/framework/src/Illuminate/Foundation/Application.php(907): Illuminate\\Foundation\\Application->bootProvider(Object(App\\Providers\\RouteServiceProvider))
#30 [internal function]: Illuminate\\Foundation\\Application->Illuminate\\Foundation\\{closure}(Object(App\\Providers\\RouteServiceProvider), 41)
#31 /Users/macbook/Desktop/daratech/new_website/vendor/laravel/framework/src/Illuminate/Foundation/Application.php(906): array_walk(Array, Object(Closure))
#32 /Users/macbook/Desktop/daratech/new_website/vendor/laravel/framework/src/Illuminate/Foundation/Bootstrap/BootProviders.php(17): Illuminate\\Foundation\\Application->boot()
#33 /Users/macbook/Desktop/daratech/new_website/vendor/laravel/framework/src/Illuminate/Foundation/Application.php(237): Illuminate\\Foundation\\Bootstrap\\BootProviders->bootstrap(Object(Illuminate\\Foundation\\Application))
#34 /Users/macbook/Desktop/daratech/new_website/vendor/laravel/framework/src/Illuminate/Foundation/Console/Kernel.php(310): Illuminate\\Foundation\\Application->bootstrapWith(Array)
#35 /Users/macbook/Desktop/daratech/new_website/vendor/laravel/framework/src/Illuminate/Foundation/Console/Kernel.php(127): Illuminate\\Foundation\\Console\\Kernel->bootstrap()
#36 Command line code(1): Illuminate\\Foundation\\Console\\Kernel->handle(Object(Symfony\\Component\\Console\\Input\\ArgvInput), Object(Symfony\\Component\\Console\\Output\\ConsoleOutput))
#37 {main}
"} 
[2025-11-12 01:30:43] local.ERROR: Uncaught Symfony\Component\Finder\Exception\DirectoryNotFoundException: The "/Users/macbook/Desktop/daratech/new_website/resources/views/modules/ads" directory does not exist. in /Users/macbook/Desktop/daratech/new_website/vendor/symfony/finder/Finder.php:592
Stack trace:
#0 /Users/macbook/Desktop/daratech/new_website/vendor/laravel/framework/src/Illuminate/Filesystem/Filesystem.php(535): Symfony\Component\Finder\Finder->in('/Users/macbook/...')
#1 Command line code(1): Illuminate\Filesystem\Filesystem->files('/Users/macbook/...')
#2 Command line code(1): getViews('/Users/macbook/...', Object(Illuminate\Filesystem\Filesystem), 'ads', '::')
#3 {main}
  thrown {"exception":"[object] (Symfony\\Component\\ErrorHandler\\Error\\FatalError(code: 0): Uncaught Symfony\\Component\\Finder\\Exception\\DirectoryNotFoundException: The \"/Users/macbook/Desktop/daratech/new_website/resources/views/modules/ads\" directory does not exist. in /Users/macbook/Desktop/daratech/new_website/vendor/symfony/finder/Finder.php:592
Stack trace:
#0 /Users/macbook/Desktop/daratech/new_website/vendor/laravel/framework/src/Illuminate/Filesystem/Filesystem.php(535): Symfony\\Component\\Finder\\Finder->in('/Users/macbook/...')
#1 Command line code(1): Illuminate\\Filesystem\\Filesystem->files('/Users/macbook/...')
#2 Command line code(1): getViews('/Users/macbook/...', Object(Illuminate\\Filesystem\\Filesystem), 'ads', '::')
#3 {main}
  thrown at /Users/macbook/Desktop/daratech/new_website/vendor/symfony/finder/Finder.php:592)
[stacktrace]
#0 {main}
"} 
[2025-11-12 13:38:10] local.ERROR: Uncaught Symfony\Component\Finder\Exception\DirectoryNotFoundException: The "/Users/macbook/Desktop/daratech/new_website/resources/views/modules/ads" directory does not exist. in /Users/macbook/Desktop/daratech/new_website/vendor/symfony/finder/Finder.php:592
Stack trace:
#0 /Users/macbook/Desktop/daratech/new_website/vendor/laravel/framework/src/Illuminate/Filesystem/Filesystem.php(535): Symfony\Component\Finder\Finder->in('/Users/macbook/...')
#1 Command line code(1): Illuminate\Filesystem\Filesystem->files('/Users/macbook/...')
#2 Command line code(1): getViews('/Users/macbook/...', Object(Illuminate\Filesystem\Filesystem), 'ads', '::')
#3 {main}
  thrown {"exception":"[object] (Symfony\\Component\\ErrorHandler\\Error\\FatalError(code: 0): Uncaught Symfony\\Component\\Finder\\Exception\\DirectoryNotFoundException: The \"/Users/macbook/Desktop/daratech/new_website/resources/views/modules/ads\" directory does not exist. in /Users/macbook/Desktop/daratech/new_website/vendor/symfony/finder/Finder.php:592
Stack trace:
#0 /Users/macbook/Desktop/daratech/new_website/vendor/laravel/framework/src/Illuminate/Filesystem/Filesystem.php(535): Symfony\\Component\\Finder\\Finder->in('/Users/macbook/...')
#1 Command line code(1): Illuminate\\Filesystem\\Filesystem->files('/Users/macbook/...')
#2 Command line code(1): getViews('/Users/macbook/...', Object(Illuminate\\Filesystem\\Filesystem), 'ads', '::')
#3 {main}
  thrown at /Users/macbook/Desktop/daratech/new_website/vendor/symfony/finder/Finder.php:592)
[stacktrace]
#0 {main}
"} 
